
Showing logs for build [32mcb-kubecd-environment-pr-208-18-l994h-1[0m stage [32mfrom-build-pack[0m and container [32mstep-credential-initializer-mj6lz[0m
{"level":"info","ts":1587641291.6523018,"logger":"fallback-logger","caller":"logging/config.go:69","msg":"Fetch GitHub commit ID from kodata failed: open /var/run/ko/refs/heads/0.8.0-ns-support: no such file or directory"}
{"level":"info","ts":1587641291.6530507,"logger":"fallback-logger","caller":"creds-init/main.go:40","msg":"Credentials initialized."}

Showing logs for build [32mcb-kubecd-environment-pr-208-18-l994h-1[0m stage [32mfrom-build-pack[0m and container [32mstep-working-dir-initializer-896c8[0m
{"level":"info","ts":1587641293.0574086,"logger":"fallback-logger","caller":"logging/config.go:69","msg":"Fetch GitHub commit ID from kodata failed: open /var/run/ko/HEAD: no such file or directory"}
{"level":"info","ts":1587641293.0589187,"logger":"fallback-logger","caller":"bash/main.go:64","msg":"Successfully executed command \"sh -c mkdir -p /workspace/source\"; output "}

Showing logs for build [32mcb-kubecd-environment-pr-208-18-l994h-1[0m stage [32mfrom-build-pack[0m and container [32mstep-place-tools[0m

Showing logs for build [32mcb-kubecd-environment-pr-208-18-l994h-1[0m stage [32mfrom-build-pack[0m and container [32mstep-git-source-cb-kubecd-environment-pr-208-18-l994h-jhcnn[0m
{"level":"info","ts":1587641298.066839,"logger":"fallback-logger","caller":"logging/config.go:69","msg":"Fetch GitHub commit ID from kodata failed: open /var/run/ko/refs/heads/0.8.0-ns-support: no such file or directory"}
{"level":"info","ts":1587641299.1532393,"logger":"fallback-logger","caller":"git/git.go:103","msg":"Successfully cloned https://github.com/cb-kubecd/environment-pr-208-18-boot-vault-gke-staging.git @ master in path /workspace/source"}

Showing logs for build [32mcb-kubecd-environment-pr-208-18-l994h-1[0m stage [32mfrom-build-pack[0m and container [32mstep-git-merge[0m
Using SHAs from PULL_REFS=master:cfff5c210d86a88a1634b2e927e4b5b22f6c8273,3:e5b52c8815fdad626481bc0b7bc621018ae65e5a
DEBUG: LC_ALL=C JX_LOG_LEVEL=error git fetch origin --unshallow e5b52c8815fdad626481bc0b7bc621018ae65e5a: cfff5c210d86a88a1634b2e927e4b5b22f6c8273:
DEBUG: ran git fetch --unshallow origin e5b52c8815fdad626481bc0b7bc621018ae65e5a: cfff5c210d86a88a1634b2e927e4b5b22f6c8273: in 
DEBUG: LC_ALL=C JX_LOG_LEVEL=error git branch
DEBUG: LC_ALL=C JX_LOG_LEVEL=error git checkout master
DEBUG: ran git checkout master in 
DEBUG: LC_ALL=C JX_LOG_LEVEL=error git reset --hard cfff5c210d86a88a1634b2e927e4b5b22f6c8273
DEBUG: ran git reset --hard cfff5c210d86a88a1634b2e927e4b5b22f6c8273 in 
DEBUG: LC_ALL=C JX_LOG_LEVEL=error git clean -fd .
DEBUG: ran clean --force -d . in 
DEBUG: LC_ALL=C JX_LOG_LEVEL=error git merge e5b52c8815fdad626481bc0b7bc621018ae65e5a
DEBUG: ran git merge e5b52c8815fdad626481bc0b7bc621018ae65e5a in 
DEBUG: LC_ALL=C JX_LOG_LEVEL=error git log --format=%H%x1f%an%x1f%ae%x1f%cn%x1f%ce%x1f%s%n%b%x1e cfff5c210d86a88a1634b2e927e4b5b22f6c8273..HEAD
Merged SHA e5b52c8815fdad626481bc0b7bc621018ae65e5a with commit message 'chore: Promote bdd-nh-1587639967 to version 0.0.1' into base branch master

Showing logs for build [32mcb-kubecd-environment-pr-208-18-l994h-1[0m stage [32mfrom-build-pack[0m and container [32mstep-build-helm-build[0m
WARNING: No $CHART_REPOSITORY defined so using the default value of: http://jenkins-x-chartmuseum:8080
Adding missing Helm repo: storage.googleapis.com https://storage.googleapis.com/chartmuseum.jenkins-x.io
WARNING: No secrets found on "helm/repos" due: reading the secret "helm/repos" from vault: no secret "helm/repos" not found in vault
Read credentials for https://storage.googleapis.com/chartmuseum.jenkins-x.io from vault helm/repos
Successfully added Helm repository storage.googleapis.com.
Adding missing Helm repo: jenkins-x-chartmuseum http://jenkins-x-chartmuseum:8080
WARNING: No secrets found on "helm/repos" due: reading the secret "helm/repos" from vault: no secret "helm/repos" not found in vault
Read credentials for http://jenkins-x-chartmuseum:8080 from vault helm/repos
Successfully added Helm repository jenkins-x-chartmuseum.
WARNING: No $CHART_REPOSITORY defined so using the default value of: http://jenkins-x-chartmuseum:8080
Adding missing Helm repo: chartmuseum.jenkins-x.io http://chartmuseum.jenkins-x.io
WARNING: No secrets found on "helm/repos" due: reading the secret "helm/repos" from vault: no secret "helm/repos" not found in vault
Read credentials for http://chartmuseum.jenkins-x.io from vault helm/repos
Successfully added Helm repository chartmuseum.jenkins-x.io.
