
Showing logs for build [32mcb-kubecd-environment-pr-208-18-lw2cp-1[0m stage [32mfrom-build-pack[0m and container [32mstep-credential-initializer-g56gn[0m
{"level":"info","ts":1587640424.0413623,"logger":"fallback-logger","caller":"logging/config.go:69","msg":"Fetch GitHub commit ID from kodata failed: open /var/run/ko/refs/heads/0.8.0-ns-support: no such file or directory"}
{"level":"info","ts":1587640424.0430233,"logger":"fallback-logger","caller":"creds-init/main.go:40","msg":"Credentials initialized."}

Showing logs for build [32mcb-kubecd-environment-pr-208-18-lw2cp-1[0m stage [32mfrom-build-pack[0m and container [32mstep-working-dir-initializer-s7nkt[0m
{"level":"info","ts":1587640425.2190447,"logger":"fallback-logger","caller":"logging/config.go:69","msg":"Fetch GitHub commit ID from kodata failed: open /var/run/ko/HEAD: no such file or directory"}
{"level":"info","ts":1587640425.2211983,"logger":"fallback-logger","caller":"bash/main.go:64","msg":"Successfully executed command \"sh -c mkdir -p /workspace/source\"; output "}

Showing logs for build [32mcb-kubecd-environment-pr-208-18-lw2cp-1[0m stage [32mfrom-build-pack[0m and container [32mstep-place-tools[0m

Showing logs for build [32mcb-kubecd-environment-pr-208-18-lw2cp-1[0m stage [32mfrom-build-pack[0m and container [32mstep-git-source-cb-kubecd-environment-pr-208-18-lw2cp-lqb24[0m
{"level":"info","ts":1587640429.2276664,"logger":"fallback-logger","caller":"logging/config.go:69","msg":"Fetch GitHub commit ID from kodata failed: open /var/run/ko/refs/heads/0.8.0-ns-support: no such file or directory"}
{"level":"info","ts":1587640430.2991009,"logger":"fallback-logger","caller":"git/git.go:103","msg":"Successfully cloned https://github.com/cb-kubecd/environment-pr-208-18-boot-vault-gke-staging.git @ master in path /workspace/source"}

Showing logs for build [32mcb-kubecd-environment-pr-208-18-lw2cp-1[0m stage [32mfrom-build-pack[0m and container [32mstep-git-merge[0m
Using SHAs from PULL_REFS=master:807b9d2101ae4405c799d6a93c8bcc1161127b5e,2:d64ced4c8bbcf2c9f292b30f4a50fc16615c00ee
DEBUG: LC_ALL=C JX_LOG_LEVEL=error git fetch origin --unshallow d64ced4c8bbcf2c9f292b30f4a50fc16615c00ee: 807b9d2101ae4405c799d6a93c8bcc1161127b5e:
DEBUG: ran git fetch --unshallow origin d64ced4c8bbcf2c9f292b30f4a50fc16615c00ee: 807b9d2101ae4405c799d6a93c8bcc1161127b5e: in 
DEBUG: LC_ALL=C JX_LOG_LEVEL=error git branch
DEBUG: LC_ALL=C JX_LOG_LEVEL=error git checkout master
DEBUG: ran git checkout master in 
DEBUG: LC_ALL=C JX_LOG_LEVEL=error git reset --hard 807b9d2101ae4405c799d6a93c8bcc1161127b5e
DEBUG: ran git reset --hard 807b9d2101ae4405c799d6a93c8bcc1161127b5e in 
DEBUG: LC_ALL=C JX_LOG_LEVEL=error git clean -fd .
DEBUG: ran clean --force -d . in 
DEBUG: LC_ALL=C JX_LOG_LEVEL=error git merge d64ced4c8bbcf2c9f292b30f4a50fc16615c00ee
DEBUG: ran git merge d64ced4c8bbcf2c9f292b30f4a50fc16615c00ee in 
DEBUG: LC_ALL=C JX_LOG_LEVEL=error git log --format=%H%x1f%an%x1f%ae%x1f%cn%x1f%ce%x1f%s%n%b%x1e 807b9d2101ae4405c799d6a93c8bcc1161127b5e..HEAD
Merged SHA d64ced4c8bbcf2c9f292b30f4a50fc16615c00ee with commit message 'chore: Promote bdd-sbhg-1587639967 to version 0.0.1' into base branch master

Showing logs for build [32mcb-kubecd-environment-pr-208-18-lw2cp-1[0m stage [32mfrom-build-pack[0m and container [32mstep-build-helm-build[0m
WARNING: No $CHART_REPOSITORY defined so using the default value of: http://jenkins-x-chartmuseum:8080
Adding missing Helm repo: storage.googleapis.com https://storage.googleapis.com/chartmuseum.jenkins-x.io
WARNING: No secrets found on "helm/repos" due: reading the secret "helm/repos" from vault: no secret "helm/repos" not found in vault
Read credentials for https://storage.googleapis.com/chartmuseum.jenkins-x.io from vault helm/repos
Successfully added Helm repository storage.googleapis.com.
Adding missing Helm repo: jenkins-x-chartmuseum http://jenkins-x-chartmuseum:8080
WARNING: No secrets found on "helm/repos" due: reading the secret "helm/repos" from vault: no secret "helm/repos" not found in vault
Read credentials for http://jenkins-x-chartmuseum:8080 from vault helm/repos
Successfully added Helm repository jenkins-x-chartmuseum.
WARNING: No $CHART_REPOSITORY defined so using the default value of: http://jenkins-x-chartmuseum:8080
Adding missing Helm repo: chartmuseum.jenkins-x.io http://chartmuseum.jenkins-x.io
WARNING: No secrets found on "helm/repos" due: reading the secret "helm/repos" from vault: no secret "helm/repos" not found in vault
Read credentials for http://chartmuseum.jenkins-x.io from vault helm/repos
Successfully added Helm repository chartmuseum.jenkins-x.io.
